CRITICAL - 2022-03-19 00:45:08 --> Undefined variable $post
#0 C:\Users\Kanokphon\Desktop\Project_UseCase\app\Views\editPost.php(41): CodeIgniter\Debug\Exceptions->errorHandler(2, 'Undefined varia...', 'C:\\Users\\Kanokp...', 41)
#1 C:\Users\Kanokphon\Desktop\Project_UseCase\system\View\View.php(210): include('C:\\Users\\Kanokp...')
#2 C:\Users\Kanokphon\Desktop\Project_UseCase\system\View\View.php(213): CodeIgniter\View\View->CodeIgniter\View\{closure}()
#3 C:\Users\Kanokphon\Desktop\Project_UseCase\system\Common.php(1089): CodeIgniter\View\View->render('editPost', Array, true)
#4 C:\Users\Kanokphon\Desktop\Project_UseCase\app\Controllers\PostController.php(70): view('editPost', Array)
#5 C:\Users\Kanokphon\Desktop\Project_UseCase\system\CodeIgniter.php(825): App\Controllers\PostController->showDetailPost('32')
#6 C:\Users\Kanokphon\Desktop\Project_UseCase\system\CodeIgniter.php(412): CodeIgniter\CodeIgniter->runController(Object(App\Controllers\PostController))
#7 C:\Users\Kanokphon\Desktop\Project_UseCase\system\CodeIgniter.php(320): CodeIgniter\CodeIgniter->handleRequest(NULL, Object(Config\Cache), false)
#8 C:\Users\Kanokphon\Desktop\Project_UseCase\public\index.php(37): CodeIgniter\CodeIgniter->run()
#9 C:\Users\Kanokphon\Desktop\Project_UseCase\system\Commands\Server\rewrite.php(43): require_once('C:\\Users\\Kanokp...')
#10 {main}
CRITICAL - 2022-03-19 00:45:43 --> Undefined array key "postTitle"
#0 C:\Users\Kanokphon\Desktop\Project_UseCase\app\Views\editPost.php(41): CodeIgniter\Debug\Exceptions->errorHandler(2, 'Undefined array...', 'C:\\Users\\Kanokp...', 41)
#1 C:\Users\Kanokphon\Desktop\Project_UseCase\system\View\View.php(210): include('C:\\Users\\Kanokp...')
#2 C:\Users\Kanokphon\Desktop\Project_UseCase\system\View\View.php(213): CodeIgniter\View\View->CodeIgniter\View\{closure}()
#3 C:\Users\Kanokphon\Desktop\Project_UseCase\system\Common.php(1089): CodeIgniter\View\View->render('editPost', Array, true)
#4 C:\Users\Kanokphon\Desktop\Project_UseCase\app\Controllers\PostController.php(70): view('editPost', Array)
#5 C:\Users\Kanokphon\Desktop\Project_UseCase\system\CodeIgniter.php(825): App\Controllers\PostController->showDetailPost('32')
#6 C:\Users\Kanokphon\Desktop\Project_UseCase\system\CodeIgniter.php(412): CodeIgniter\CodeIgniter->runController(Object(App\Controllers\PostController))
#7 C:\Users\Kanokphon\Desktop\Project_UseCase\system\CodeIgniter.php(320): CodeIgniter\CodeIgniter->handleRequest(NULL, Object(Config\Cache), false)
#8 C:\Users\Kanokphon\Desktop\Project_UseCase\public\index.php(37): CodeIgniter\CodeIgniter->run()
#9 C:\Users\Kanokphon\Desktop\Project_UseCase\system\Commands\Server\rewrite.php(43): require_once('C:\\Users\\Kanokp...')
#10 {main}
CRITICAL - 2022-03-19 00:46:15 --> Undefined array key "postTitle"
#0 C:\Users\Kanokphon\Desktop\Project_UseCase\app\Views\editPost.php(41): CodeIgniter\Debug\Exceptions->errorHandler(2, 'Undefined array...', 'C:\\Users\\Kanokp...', 41)
#1 C:\Users\Kanokphon\Desktop\Project_UseCase\system\View\View.php(210): include('C:\\Users\\Kanokp...')
#2 C:\Users\Kanokphon\Desktop\Project_UseCase\system\View\View.php(213): CodeIgniter\View\View->CodeIgniter\View\{closure}()
#3 C:\Users\Kanokphon\Desktop\Project_UseCase\system\Common.php(1089): CodeIgniter\View\View->render('editPost', Array, true)
#4 C:\Users\Kanokphon\Desktop\Project_UseCase\app\Controllers\PostController.php(71): view('editPost', Array)
#5 C:\Users\Kanokphon\Desktop\Project_UseCase\system\CodeIgniter.php(825): App\Controllers\PostController->showDetailPost('32')
#6 C:\Users\Kanokphon\Desktop\Project_UseCase\system\CodeIgniter.php(412): CodeIgniter\CodeIgniter->runController(Object(App\Controllers\PostController))
#7 C:\Users\Kanokphon\Desktop\Project_UseCase\system\CodeIgniter.php(320): CodeIgniter\CodeIgniter->handleRequest(NULL, Object(Config\Cache), false)
#8 C:\Users\Kanokphon\Desktop\Project_UseCase\public\index.php(37): CodeIgniter\CodeIgniter->run()
#9 C:\Users\Kanokphon\Desktop\Project_UseCase\system\Commands\Server\rewrite.php(43): require_once('C:\\Users\\Kanokp...')
#10 {main}
CRITICAL - 2022-03-19 00:47:21 --> Undefined variable $posts
#0 C:\Users\Kanokphon\Desktop\Project_UseCase\app\Views\editPost.php(41): CodeIgniter\Debug\Exceptions->errorHandler(2, 'Undefined varia...', 'C:\\Users\\Kanokp...', 41)
#1 C:\Users\Kanokphon\Desktop\Project_UseCase\system\View\View.php(210): include('C:\\Users\\Kanokp...')
#2 C:\Users\Kanokphon\Desktop\Project_UseCase\system\View\View.php(213): CodeIgniter\View\View->CodeIgniter\View\{closure}()
#3 C:\Users\Kanokphon\Desktop\Project_UseCase\system\Common.php(1089): CodeIgniter\View\View->render('editPost', Array, true)
#4 C:\Users\Kanokphon\Desktop\Project_UseCase\app\Controllers\PostController.php(68): view('editPost')
#5 C:\Users\Kanokphon\Desktop\Project_UseCase\system\CodeIgniter.php(825): App\Controllers\PostController->showDetailPost('32')
#6 C:\Users\Kanokphon\Desktop\Project_UseCase\system\CodeIgniter.php(412): CodeIgniter\CodeIgniter->runController(Object(App\Controllers\PostController))
#7 C:\Users\Kanokphon\Desktop\Project_UseCase\system\CodeIgniter.php(320): CodeIgniter\CodeIgniter->handleRequest(NULL, Object(Config\Cache), false)
#8 C:\Users\Kanokphon\Desktop\Project_UseCase\public\index.php(37): CodeIgniter\CodeIgniter->run()
#9 C:\Users\Kanokphon\Desktop\Project_UseCase\system\Commands\Server\rewrite.php(43): require_once('C:\\Users\\Kanokp...')
#10 {main}
CRITICAL - 2022-03-19 00:49:18 --> Undefined variable $posts
#0 C:\Users\Kanokphon\Desktop\Project_UseCase\app\Views\editPost.php(41): CodeIgniter\Debug\Exceptions->errorHandler(2, 'Undefined varia...', 'C:\\Users\\Kanokp...', 41)
#1 C:\Users\Kanokphon\Desktop\Project_UseCase\system\View\View.php(210): include('C:\\Users\\Kanokp...')
#2 C:\Users\Kanokphon\Desktop\Project_UseCase\system\View\View.php(213): CodeIgniter\View\View->CodeIgniter\View\{closure}()
#3 C:\Users\Kanokphon\Desktop\Project_UseCase\system\Common.php(1089): CodeIgniter\View\View->render('editPost', Array, true)
#4 C:\Users\Kanokphon\Desktop\Project_UseCase\app\Controllers\PostController.php(68): view('editPost')
#5 C:\Users\Kanokphon\Desktop\Project_UseCase\system\CodeIgniter.php(825): App\Controllers\PostController->showDetailPost('32')
#6 C:\Users\Kanokphon\Desktop\Project_UseCase\system\CodeIgniter.php(412): CodeIgniter\CodeIgniter->runController(Object(App\Controllers\PostController))
#7 C:\Users\Kanokphon\Desktop\Project_UseCase\system\CodeIgniter.php(320): CodeIgniter\CodeIgniter->handleRequest(NULL, Object(Config\Cache), false)
#8 C:\Users\Kanokphon\Desktop\Project_UseCase\public\index.php(37): CodeIgniter\CodeIgniter->run()
#9 C:\Users\Kanokphon\Desktop\Project_UseCase\system\Commands\Server\rewrite.php(43): require_once('C:\\Users\\Kanokp...')
#10 {main}
CRITICAL - 2022-03-19 00:56:58 --> Undefined variable $posts
#0 C:\Users\Kanokphon\Desktop\Project_UseCase\app\Views\showdetailpost.php(41): CodeIgniter\Debug\Exceptions->errorHandler(2, 'Undefined varia...', 'C:\\Users\\Kanokp...', 41)
#1 C:\Users\Kanokphon\Desktop\Project_UseCase\system\View\View.php(210): include('C:\\Users\\Kanokp...')
#2 C:\Users\Kanokphon\Desktop\Project_UseCase\system\View\View.php(213): CodeIgniter\View\View->CodeIgniter\View\{closure}()
#3 C:\Users\Kanokphon\Desktop\Project_UseCase\system\Common.php(1089): CodeIgniter\View\View->render('showdetailpost', Array, true)
#4 C:\Users\Kanokphon\Desktop\Project_UseCase\app\Controllers\PostController.php(68): view('showdetailpost')
#5 C:\Users\Kanokphon\Desktop\Project_UseCase\system\CodeIgniter.php(825): App\Controllers\PostController->showDetailPost('32')
#6 C:\Users\Kanokphon\Desktop\Project_UseCase\system\CodeIgniter.php(412): CodeIgniter\CodeIgniter->runController(Object(App\Controllers\PostController))
#7 C:\Users\Kanokphon\Desktop\Project_UseCase\system\CodeIgniter.php(320): CodeIgniter\CodeIgniter->handleRequest(NULL, Object(Config\Cache), false)
#8 C:\Users\Kanokphon\Desktop\Project_UseCase\public\index.php(37): CodeIgniter\CodeIgniter->run()
#9 C:\Users\Kanokphon\Desktop\Project_UseCase\system\Commands\Server\rewrite.php(43): require_once('C:\\Users\\Kanokp...')
#10 {main}
CRITICAL - 2022-03-19 00:57:11 --> Undefined variable $posts
#0 C:\Users\Kanokphon\Desktop\Project_UseCase\app\Views\showdetailpost.php(41): CodeIgniter\Debug\Exceptions->errorHandler(2, 'Undefined varia...', 'C:\\Users\\Kanokp...', 41)
#1 C:\Users\Kanokphon\Desktop\Project_UseCase\system\View\View.php(210): include('C:\\Users\\Kanokp...')
#2 C:\Users\Kanokphon\Desktop\Project_UseCase\system\View\View.php(213): CodeIgniter\View\View->CodeIgniter\View\{closure}()
#3 C:\Users\Kanokphon\Desktop\Project_UseCase\system\Common.php(1089): CodeIgniter\View\View->render('showdetailpost', Array, true)
#4 C:\Users\Kanokphon\Desktop\Project_UseCase\app\Controllers\PostController.php(68): view('showdetailpost')
#5 C:\Users\Kanokphon\Desktop\Project_UseCase\system\CodeIgniter.php(825): App\Controllers\PostController->showDetailPost('32')
#6 C:\Users\Kanokphon\Desktop\Project_UseCase\system\CodeIgniter.php(412): CodeIgniter\CodeIgniter->runController(Object(App\Controllers\PostController))
#7 C:\Users\Kanokphon\Desktop\Project_UseCase\system\CodeIgniter.php(320): CodeIgniter\CodeIgniter->handleRequest(NULL, Object(Config\Cache), false)
#8 C:\Users\Kanokphon\Desktop\Project_UseCase\public\index.php(37): CodeIgniter\CodeIgniter->run()
#9 C:\Users\Kanokphon\Desktop\Project_UseCase\system\Commands\Server\rewrite.php(43): require_once('C:\\Users\\Kanokp...')
#10 {main}
CRITICAL - 2022-03-19 00:58:45 --> Invalid file: editPost.php
#0 C:\Users\Kanokphon\Desktop\Project_UseCase\system\View\View.php(198): CodeIgniter\Exceptions\FrameworkException::forInvalidFile('editPost.php')
#1 C:\Users\Kanokphon\Desktop\Project_UseCase\system\Common.php(1089): CodeIgniter\View\View->render('editPost', Array, true)
#2 C:\Users\Kanokphon\Desktop\Project_UseCase\app\Controllers\PostController.php(77): view('editPost', Array)
#3 C:\Users\Kanokphon\Desktop\Project_UseCase\system\CodeIgniter.php(825): App\Controllers\PostController->editPost('32')
#4 C:\Users\Kanokphon\Desktop\Project_UseCase\system\CodeIgniter.php(412): CodeIgniter\CodeIgniter->runController(Object(App\Controllers\PostController))
#5 C:\Users\Kanokphon\Desktop\Project_UseCase\system\CodeIgniter.php(320): CodeIgniter\CodeIgniter->handleRequest(NULL, Object(Config\Cache), false)
#6 C:\Users\Kanokphon\Desktop\Project_UseCase\public\index.php(37): CodeIgniter\CodeIgniter->run()
#7 C:\Users\Kanokphon\Desktop\Project_UseCase\system\Commands\Server\rewrite.php(43): require_once('C:\\Users\\Kanokp...')
#8 {main}
CRITICAL - 2022-03-19 01:06:12 --> Undefined variable $post
#0 C:\Users\Kanokphon\Desktop\Project_UseCase\app\Views\editpost.php(41): CodeIgniter\Debug\Exceptions->errorHandler(2, 'Undefined varia...', 'C:\\Users\\Kanokp...', 41)
#1 C:\Users\Kanokphon\Desktop\Project_UseCase\system\View\View.php(210): include('C:\\Users\\Kanokp...')
#2 C:\Users\Kanokphon\Desktop\Project_UseCase\system\View\View.php(213): CodeIgniter\View\View->CodeIgniter\View\{closure}()
#3 C:\Users\Kanokphon\Desktop\Project_UseCase\system\Common.php(1089): CodeIgniter\View\View->render('editpost', Array, true)
#4 C:\Users\Kanokphon\Desktop\Project_UseCase\app\Controllers\PostController.php(77): view('editpost', Array)
#5 C:\Users\Kanokphon\Desktop\Project_UseCase\system\CodeIgniter.php(825): App\Controllers\PostController->editPost('32')
#6 C:\Users\Kanokphon\Desktop\Project_UseCase\system\CodeIgniter.php(412): CodeIgniter\CodeIgniter->runController(Object(App\Controllers\PostController))
#7 C:\Users\Kanokphon\Desktop\Project_UseCase\system\CodeIgniter.php(320): CodeIgniter\CodeIgniter->handleRequest(NULL, Object(Config\Cache), false)
#8 C:\Users\Kanokphon\Desktop\Project_UseCase\public\index.php(37): CodeIgniter\CodeIgniter->run()
#9 C:\Users\Kanokphon\Desktop\Project_UseCase\system\Commands\Server\rewrite.php(43): require_once('C:\\Users\\Kanokp...')
#10 {main}
ERROR - 2022-03-19 01:08:35 --> Unknown column 'category.category_Id' in 'on clause'
CRITICAL - 2022-03-19 01:08:35 --> Call to a member function getResultArray() on bool
#0 C:\Users\Kanokphon\Desktop\Project_UseCase\app\Controllers\PostController.php(75): App\Models\PostModel->viewsinglepost('32')
#1 C:\Users\Kanokphon\Desktop\Project_UseCase\system\CodeIgniter.php(825): App\Controllers\PostController->editPost('32')
#2 C:\Users\Kanokphon\Desktop\Project_UseCase\system\CodeIgniter.php(412): CodeIgniter\CodeIgniter->runController(Object(App\Controllers\PostController))
#3 C:\Users\Kanokphon\Desktop\Project_UseCase\system\CodeIgniter.php(320): CodeIgniter\CodeIgniter->handleRequest(NULL, Object(Config\Cache), false)
#4 C:\Users\Kanokphon\Desktop\Project_UseCase\public\index.php(37): CodeIgniter\CodeIgniter->run()
#5 C:\Users\Kanokphon\Desktop\Project_UseCase\system\Commands\Server\rewrite.php(43): require_once('C:\\Users\\Kanokp...')
#6 {main}
ERROR - 2022-03-19 01:09:33 --> Unknown column 'category.category_Id' in 'on clause'
CRITICAL - 2022-03-19 01:09:33 --> Call to a member function getResultArray() on bool
#0 C:\Users\Kanokphon\Desktop\Project_UseCase\app\Controllers\PostController.php(75): App\Models\PostModel->viewsinglepost('32')
#1 C:\Users\Kanokphon\Desktop\Project_UseCase\system\CodeIgniter.php(825): App\Controllers\PostController->editPost('32')
#2 C:\Users\Kanokphon\Desktop\Project_UseCase\system\CodeIgniter.php(412): CodeIgniter\CodeIgniter->runController(Object(App\Controllers\PostController))
#3 C:\Users\Kanokphon\Desktop\Project_UseCase\system\CodeIgniter.php(320): CodeIgniter\CodeIgniter->handleRequest(NULL, Object(Config\Cache), false)
#4 C:\Users\Kanokphon\Desktop\Project_UseCase\public\index.php(37): CodeIgniter\CodeIgniter->run()
#5 C:\Users\Kanokphon\Desktop\Project_UseCase\system\Commands\Server\rewrite.php(43): require_once('C:\\Users\\Kanokp...')
#6 {main}
CRITICAL - 2022-03-19 01:17:35 --> Undefined array key "postIma"
#0 C:\Users\Kanokphon\Desktop\Project_UseCase\app\Views\editpost.php(62): CodeIgniter\Debug\Exceptions->errorHandler(2, 'Undefined array...', 'C:\\Users\\Kanokp...', 62)
#1 C:\Users\Kanokphon\Desktop\Project_UseCase\system\View\View.php(210): include('C:\\Users\\Kanokp...')
#2 C:\Users\Kanokphon\Desktop\Project_UseCase\system\View\View.php(213): CodeIgniter\View\View->CodeIgniter\View\{closure}()
#3 C:\Users\Kanokphon\Desktop\Project_UseCase\system\Common.php(1089): CodeIgniter\View\View->render('editpost', Array, true)
#4 C:\Users\Kanokphon\Desktop\Project_UseCase\app\Controllers\PostController.php(77): view('editpost', Array)
#5 C:\Users\Kanokphon\Desktop\Project_UseCase\system\CodeIgniter.php(825): App\Controllers\PostController->editPost('32')
#6 C:\Users\Kanokphon\Desktop\Project_UseCase\system\CodeIgniter.php(412): CodeIgniter\CodeIgniter->runController(Object(App\Controllers\PostController))
#7 C:\Users\Kanokphon\Desktop\Project_UseCase\system\CodeIgniter.php(320): CodeIgniter\CodeIgniter->handleRequest(NULL, Object(Config\Cache), false)
#8 C:\Users\Kanokphon\Desktop\Project_UseCase\public\index.php(37): CodeIgniter\CodeIgniter->run()
#9 C:\Users\Kanokphon\Desktop\Project_UseCase\system\Commands\Server\rewrite.php(43): require_once('C:\\Users\\Kanokp...')
#10 {main}
CRITICAL - 2022-03-19 01:19:50 --> Undefined array key "name_th_"
#0 C:\Users\Kanokphon\Desktop\Project_UseCase\app\Views\editpost.php(112): CodeIgniter\Debug\Exceptions->errorHandler(2, 'Undefined array...', 'C:\\Users\\Kanokp...', 112)
#1 C:\Users\Kanokphon\Desktop\Project_UseCase\system\View\View.php(210): include('C:\\Users\\Kanokp...')
#2 C:\Users\Kanokphon\Desktop\Project_UseCase\system\View\View.php(213): CodeIgniter\View\View->CodeIgniter\View\{closure}()
#3 C:\Users\Kanokphon\Desktop\Project_UseCase\system\Common.php(1089): CodeIgniter\View\View->render('editpost', Array, true)
#4 C:\Users\Kanokphon\Desktop\Project_UseCase\app\Controllers\PostController.php(77): view('editpost', Array)
#5 C:\Users\Kanokphon\Desktop\Project_UseCase\system\CodeIgniter.php(825): App\Controllers\PostController->editPost('32')
#6 C:\Users\Kanokphon\Desktop\Project_UseCase\system\CodeIgniter.php(412): CodeIgniter\CodeIgniter->runController(Object(App\Controllers\PostController))
#7 C:\Users\Kanokphon\Desktop\Project_UseCase\system\CodeIgniter.php(320): CodeIgniter\CodeIgniter->handleRequest(NULL, Object(Config\Cache), false)
#8 C:\Users\Kanokphon\Desktop\Project_UseCase\public\index.php(37): CodeIgniter\CodeIgniter->run()
#9 C:\Users\Kanokphon\Desktop\Project_UseCase\system\Commands\Server\rewrite.php(43): require_once('C:\\Users\\Kanokp...')
#10 {main}
