CRITICAL - 2022-03-20 01:38:19 --> Undefined array key "name_category"
#0 C:\Users\Kanokphon\Desktop\Project_UseCase\app\Views\editpost.php(47): CodeIgniter\Debug\Exceptions->errorHandler(2, 'Undefined array...', 'C:\\Users\\Kanokp...', 47)
#1 C:\Users\Kanokphon\Desktop\Project_UseCase\system\View\View.php(210): include('C:\\Users\\Kanokp...')
#2 C:\Users\Kanokphon\Desktop\Project_UseCase\system\View\View.php(213): CodeIgniter\View\View->CodeIgniter\View\{closure}()
#3 C:\Users\Kanokphon\Desktop\Project_UseCase\system\Common.php(1089): CodeIgniter\View\View->render('editpost', Array, true)
#4 C:\Users\Kanokphon\Desktop\Project_UseCase\app\Controllers\PostController.php(78): view('editpost', Array)
#5 C:\Users\Kanokphon\Desktop\Project_UseCase\system\CodeIgniter.php(825): App\Controllers\PostController->editPost('37')
#6 C:\Users\Kanokphon\Desktop\Project_UseCase\system\CodeIgniter.php(412): CodeIgniter\CodeIgniter->runController(Object(App\Controllers\PostController))
#7 C:\Users\Kanokphon\Desktop\Project_UseCase\system\CodeIgniter.php(320): CodeIgniter\CodeIgniter->handleRequest(NULL, Object(Config\Cache), false)
#8 C:\Users\Kanokphon\Desktop\Project_UseCase\public\index.php(37): CodeIgniter\CodeIgniter->run()
#9 C:\Users\Kanokphon\Desktop\Project_UseCase\system\Commands\Server\rewrite.php(43): require_once('C:\\Users\\Kanokp...')
#10 {main}
CRITICAL - 2022-03-20 01:39:02 --> Undefined array key "name_category"
#0 C:\Users\Kanokphon\Desktop\Project_UseCase\app\Views\editpost.php(48): CodeIgniter\Debug\Exceptions->errorHandler(2, 'Undefined array...', 'C:\\Users\\Kanokp...', 48)
#1 C:\Users\Kanokphon\Desktop\Project_UseCase\system\View\View.php(210): include('C:\\Users\\Kanokp...')
#2 C:\Users\Kanokphon\Desktop\Project_UseCase\system\View\View.php(213): CodeIgniter\View\View->CodeIgniter\View\{closure}()
#3 C:\Users\Kanokphon\Desktop\Project_UseCase\system\Common.php(1089): CodeIgniter\View\View->render('editpost', Array, true)
#4 C:\Users\Kanokphon\Desktop\Project_UseCase\app\Controllers\PostController.php(78): view('editpost', Array)
#5 C:\Users\Kanokphon\Desktop\Project_UseCase\system\CodeIgniter.php(825): App\Controllers\PostController->editPost('37')
#6 C:\Users\Kanokphon\Desktop\Project_UseCase\system\CodeIgniter.php(412): CodeIgniter\CodeIgniter->runController(Object(App\Controllers\PostController))
#7 C:\Users\Kanokphon\Desktop\Project_UseCase\system\CodeIgniter.php(320): CodeIgniter\CodeIgniter->handleRequest(NULL, Object(Config\Cache), false)
#8 C:\Users\Kanokphon\Desktop\Project_UseCase\public\index.php(37): CodeIgniter\CodeIgniter->run()
#9 C:\Users\Kanokphon\Desktop\Project_UseCase\system\Commands\Server\rewrite.php(43): require_once('C:\\Users\\Kanokp...')
#10 {main}
CRITICAL - 2022-03-20 01:39:35 --> Undefined array key "name_category"
#0 C:\Users\Kanokphon\Desktop\Project_UseCase\app\Views\editpost.php(48): CodeIgniter\Debug\Exceptions->errorHandler(2, 'Undefined array...', 'C:\\Users\\Kanokp...', 48)
#1 C:\Users\Kanokphon\Desktop\Project_UseCase\system\View\View.php(210): include('C:\\Users\\Kanokp...')
#2 C:\Users\Kanokphon\Desktop\Project_UseCase\system\View\View.php(213): CodeIgniter\View\View->CodeIgniter\View\{closure}()
#3 C:\Users\Kanokphon\Desktop\Project_UseCase\system\Common.php(1089): CodeIgniter\View\View->render('editpost', Array, true)
#4 C:\Users\Kanokphon\Desktop\Project_UseCase\app\Controllers\PostController.php(78): view('editpost', Array)
#5 C:\Users\Kanokphon\Desktop\Project_UseCase\system\CodeIgniter.php(825): App\Controllers\PostController->editPost('37')
#6 C:\Users\Kanokphon\Desktop\Project_UseCase\system\CodeIgniter.php(412): CodeIgniter\CodeIgniter->runController(Object(App\Controllers\PostController))
#7 C:\Users\Kanokphon\Desktop\Project_UseCase\system\CodeIgniter.php(320): CodeIgniter\CodeIgniter->handleRequest(NULL, Object(Config\Cache), false)
#8 C:\Users\Kanokphon\Desktop\Project_UseCase\public\index.php(37): CodeIgniter\CodeIgniter->run()
#9 C:\Users\Kanokphon\Desktop\Project_UseCase\system\Commands\Server\rewrite.php(43): require_once('C:\\Users\\Kanokp...')
#10 {main}
ERROR - 2022-03-20 01:42:33 --> Unknown column 'category.id_category' in 'on clause'
CRITICAL - 2022-03-20 01:42:33 --> Call to a member function getResultArray() on bool
#0 C:\Users\Kanokphon\Desktop\Project_UseCase\app\Controllers\PostController.php(76): App\Models\PostModel->viewsinglepost('37')
#1 C:\Users\Kanokphon\Desktop\Project_UseCase\system\CodeIgniter.php(825): App\Controllers\PostController->editPost('37')
#2 C:\Users\Kanokphon\Desktop\Project_UseCase\system\CodeIgniter.php(412): CodeIgniter\CodeIgniter->runController(Object(App\Controllers\PostController))
#3 C:\Users\Kanokphon\Desktop\Project_UseCase\system\CodeIgniter.php(320): CodeIgniter\CodeIgniter->handleRequest(NULL, Object(Config\Cache), false)
#4 C:\Users\Kanokphon\Desktop\Project_UseCase\public\index.php(37): CodeIgniter\CodeIgniter->run()
#5 C:\Users\Kanokphon\Desktop\Project_UseCase\system\Commands\Server\rewrite.php(43): require_once('C:\\Users\\Kanokp...')
#6 {main}
